<?xml version="1.0" encoding="UTF-8"?>
<testng-results skipped="0" failed="0" total="1" passed="1">
  <reporter-output>
  </reporter-output>
  <suite name="Default suite" duration-ms="37728" started-at="2020-09-17T12:14:14Z" finished-at="2020-09-17T12:14:51Z">
    <groups>
    </groups>
    <test name="Default test" duration-ms="37728" started-at="2020-09-17T12:14:14Z" finished-at="2020-09-17T12:14:51Z">
      <class name="Testcases.TestCase_1">
        <test-method status="PASS" signature="Execute()[pri:0, instance:Testcases.TestCase_1@2bcfcb]" name="Execute" duration-ms="37689" started-at="2020-09-17T17:44:14Z" finished-at="2020-09-17T17:44:51Z">
          <reporter-output>
          </reporter-output>
        </test-method> <!-- Execute -->
      </class> <!-- Testcases.TestCase_1 -->
    </test> <!-- Default test -->
  </suite> <!-- Default suite -->
</testng-results>
